[11/Jul/2017:09:42:23] (index) Desc After: 
[11/Jul/2017:09:43:04] (index) Desc After: <h2>Большой ассортимент детских косметических средств в магазине Клевер</h2>

<p>В каталоге раздела сайта представлен большой ассортимент разновидностей косметики :<p>
<ul>
<li>жидких шампуней (“Без эфирных масел Шик”, “Нежный возраст”, “Шоколад” и пр.);</li>
<li>твердых шампуней (“Розмариновый”);</li>
<li>туалетных мыл(“Откровение”,“Апельсин”,“Лаванда” и пр.) </li>
<li>эфирных масел для купания и ингаляций (душица, ваниль, ель, чайное дерево и пр.);</li>
<li>бальзамы для губ ( “Заботливый с облепихой”, “Заботливый с лавандой ”</li>
<li>зубные порошки (“Отбеливание”,“Очищение”,“Укрепление”)</li>
</ul>
<p>Косметика из натуральных компонентов имеет приятный запах, что особо радует детей в процессе применения.</p>
[12/Jul/2017:08:23:51] (index) Description: <p>Мамы ищут безопасные, полезные и доступные средства для ухода и гигиены малышей. Мы сделала выбор в пользу натуральной детской косметики 0+ российских производителей МиКо и Мастерской Олеси Мустаевой. Календула и масло бораго составляют основу продуктов серии “Нежный возраст”. Для деток склонных к аллергии подойдет серия “Шик” без эфирных масел. В составе мыла на козьем молоке только гипоаллергенные компоненты. Молочный протеин, масло карите и оливы мягко очищают чувствительную кожу. </p>
[12/Jul/2017:15:48:08] (index) Description: <p>Мамы ищут безопасные, полезные и доступные средства для ухода и гигиены малышей. Мы сделала выбор в пользу натуральной детской косметики 0+ российских производителей МиКо и Мастерской Олеси Мустаевой. Календула и масло бораго составляют основу продуктов серии “Нежный возраст”. Для деток склонных к аллергии подойдет серия “Шик” без эфирных масел. В составе мыла на козьем молоке только гипоаллергенные компоненты. Молочный протеин, масло карите и оливы мягко очищают чувствительную кожу. </p>
[14/Jul/2017:14:46:36] (index) getting user
[14/Jul/2017:14:46:36] (index) got user
[14/Jul/2017:14:46:42] (index) getting user
[14/Jul/2017:14:46:42] (index) got user
[14/Jul/2017:14:48:04] (index) getting user
[14/Jul/2017:14:48:04] (index) got user
[14/Jul/2017:14:48:04] (index) getting firms
[14/Jul/2017:14:48:04] (index) getting branches
[14/Jul/2017:14:48:04] (index) delegating
[14/Jul/2017:14:48:10] (index) getting user
[14/Jul/2017:14:48:10] (index) got user
[14/Jul/2017:14:48:10] (index) getting firms
[14/Jul/2017:14:48:10] (index) getting branches
[14/Jul/2017:14:48:10] (index) delegating
[14/Jul/2017:14:48:14] (index) getting user
[14/Jul/2017:14:48:14] (index) got user
[14/Jul/2017:14:48:14] (index) getting firms
[14/Jul/2017:14:48:14] (index) getting branches
[14/Jul/2017:14:48:14] (index) delegating
[14/Jul/2017:14:48:18] (index) getting user
[14/Jul/2017:14:48:18] (index) got user
[14/Jul/2017:14:48:18] (index) getting firms
[14/Jul/2017:14:48:18] (index) getting branches
[14/Jul/2017:14:48:18] (index) delegating
[14/Jul/2017:14:53:47] (index) getting user
[14/Jul/2017:14:53:47] (index) got user
[14/Jul/2017:14:53:47] (index) getting firms
[14/Jul/2017:14:53:47] (index) getting branches
[14/Jul/2017:14:53:47] (index) delegating
